<?xml version="1.0" encoding="UTF-8"?>
<testsuite xmlns:xsi="http://www.w3.org/2001/XMLSchema-instance" xsi:noNamespaceSchemaLocation="https://maven.apache.org/surefire/maven-surefire-plugin/xsd/surefire-test-report.xsd" name="com.example.libraryservice.PactVerificationTest" time="0.02" tests="1" errors="1" skipped="0" failures="0">
  <properties>
    <property name="java.specification.version" value="18"/>
    <property name="sun.jnu.encoding" value="UTF-8"/>
    <property name="java.class.path" value="/Users/laurenceadams/programming/scaling-sniffle/library-service/target/test-classes:/Users/laurenceadams/programming/scaling-sniffle/library-service/target/classes:/Users/laurenceadams/.m2/repository/org/springframework/boot/spring-boot-starter-actuator/2.7.17/spring-boot-starter-actuator-2.7.17.jar:/Users/laurenceadams/.m2/repository/org/springframework/boot/spring-boot-starter/2.7.17/spring-boot-starter-2.7.17.jar:/Users/laurenceadams/.m2/repository/org/springframework/boot/spring-boot/2.7.17/spring-boot-2.7.17.jar:/Users/laurenceadams/.m2/repository/org/springframework/boot/spring-boot-autoconfigure/2.7.17/spring-boot-autoconfigure-2.7.17.jar:/Users/laurenceadams/.m2/repository/org/springframework/boot/spring-boot-starter-logging/2.7.17/spring-boot-starter-logging-2.7.17.jar:/Users/laurenceadams/.m2/repository/ch/qos/logback/logback-classic/1.2.12/logback-classic-1.2.12.jar:/Users/laurenceadams/.m2/repository/ch/qos/logback/logback-core/1.2.12/logback-core-1.2.12.jar:/Users/laurenceadams/.m2/repository/org/apache/logging/log4j/log4j-to-slf4j/2.17.2/log4j-to-slf4j-2.17.2.jar:/Users/laurenceadams/.m2/repository/org/apache/logging/log4j/log4j-api/2.17.2/log4j-api-2.17.2.jar:/Users/laurenceadams/.m2/repository/org/slf4j/jul-to-slf4j/1.7.36/jul-to-slf4j-1.7.36.jar:/Users/laurenceadams/.m2/repository/jakarta/annotation/jakarta.annotation-api/1.3.5/jakarta.annotation-api-1.3.5.jar:/Users/laurenceadams/.m2/repository/org/yaml/snakeyaml/1.30/snakeyaml-1.30.jar:/Users/laurenceadams/.m2/repository/org/springframework/boot/spring-boot-actuator-autoconfigure/2.7.17/spring-boot-actuator-autoconfigure-2.7.17.jar:/Users/laurenceadams/.m2/repository/org/springframework/boot/spring-boot-actuator/2.7.17/spring-boot-actuator-2.7.17.jar:/Users/laurenceadams/.m2/repository/com/fasterxml/jackson/core/jackson-databind/2.13.5/jackson-databind-2.13.5.jar:/Users/laurenceadams/.m2/repository/com/fasterxml/jackson/core/jackson-annotations/2.13.5/jackson-annotations-2.13.5.jar:/Users/laurenceadams/.m2/repository/com/fasterxml/jackson/core/jackson-core/2.13.5/jackson-core-2.13.5.jar:/Users/laurenceadams/.m2/repository/com/fasterxml/jackson/datatype/jackson-datatype-jsr310/2.13.5/jackson-datatype-jsr310-2.13.5.jar:/Users/laurenceadams/.m2/repository/io/micrometer/micrometer-core/1.9.16/micrometer-core-1.9.16.jar:/Users/laurenceadams/.m2/repository/org/hdrhistogram/HdrHistogram/2.1.12/HdrHistogram-2.1.12.jar:/Users/laurenceadams/.m2/repository/org/latencyutils/LatencyUtils/2.0.3/LatencyUtils-2.0.3.jar:/Users/laurenceadams/.m2/repository/org/springframework/boot/spring-boot-starter-data-jpa/2.7.17/spring-boot-starter-data-jpa-2.7.17.jar:/Users/laurenceadams/.m2/repository/org/springframework/boot/spring-boot-starter-aop/2.7.17/spring-boot-starter-aop-2.7.17.jar:/Users/laurenceadams/.m2/repository/org/springframework/spring-aop/5.3.30/spring-aop-5.3.30.jar:/Users/laurenceadams/.m2/repository/org/aspectj/aspectjweaver/1.9.7/aspectjweaver-1.9.7.jar:/Users/laurenceadams/.m2/repository/org/springframework/boot/spring-boot-starter-jdbc/2.7.17/spring-boot-starter-jdbc-2.7.17.jar:/Users/laurenceadams/.m2/repository/com/zaxxer/HikariCP/4.0.3/HikariCP-4.0.3.jar:/Users/laurenceadams/.m2/repository/org/springframework/spring-jdbc/5.3.30/spring-jdbc-5.3.30.jar:/Users/laurenceadams/.m2/repository/jakarta/transaction/jakarta.transaction-api/1.3.3/jakarta.transaction-api-1.3.3.jar:/Users/laurenceadams/.m2/repository/jakarta/persistence/jakarta.persistence-api/2.2.3/jakarta.persistence-api-2.2.3.jar:/Users/laurenceadams/.m2/repository/org/hibernate/hibernate-core/5.6.15.Final/hibernate-core-5.6.15.Final.jar:/Users/laurenceadams/.m2/repository/org/jboss/logging/jboss-logging/3.4.3.Final/jboss-logging-3.4.3.Final.jar:/Users/laurenceadams/.m2/repository/net/bytebuddy/byte-buddy/1.12.23/byte-buddy-1.12.23.jar:/Users/laurenceadams/.m2/repository/antlr/antlr/2.7.7/antlr-2.7.7.jar:/Users/laurenceadams/.m2/repository/org/jboss/jandex/2.4.2.Final/jandex-2.4.2.Final.jar:/Users/laurenceadams/.m2/repository/com/fasterxml/classmate/1.5.1/classmate-1.5.1.jar:/Users/laurenceadams/.m2/repository/org/hibernate/common/hibernate-commons-annotations/5.1.2.Final/hibernate-commons-annotations-5.1.2.Final.jar:/Users/laurenceadams/.m2/repository/org/glassfish/jaxb/jaxb-runtime/2.3.8/jaxb-runtime-2.3.8.jar:/Users/laurenceadams/.m2/repository/org/glassfish/jaxb/txw2/2.3.8/txw2-2.3.8.jar:/Users/laurenceadams/.m2/repository/com/sun/istack/istack-commons-runtime/3.0.12/istack-commons-runtime-3.0.12.jar:/Users/laurenceadams/.m2/repository/com/sun/activation/jakarta.activation/1.2.2/jakarta.activation-1.2.2.jar:/Users/laurenceadams/.m2/repository/org/springframework/data/spring-data-jpa/2.7.17/spring-data-jpa-2.7.17.jar:/Users/laurenceadams/.m2/repository/org/springframework/data/spring-data-commons/2.7.17/spring-data-commons-2.7.17.jar:/Users/laurenceadams/.m2/repository/org/springframework/spring-orm/5.3.30/spring-orm-5.3.30.jar:/Users/laurenceadams/.m2/repository/org/springframework/spring-context/5.3.30/spring-context-5.3.30.jar:/Users/laurenceadams/.m2/repository/org/springframework/spring-tx/5.3.30/spring-tx-5.3.30.jar:/Users/laurenceadams/.m2/repository/org/springframework/spring-beans/5.3.30/spring-beans-5.3.30.jar:/Users/laurenceadams/.m2/repository/org/springframework/spring-aspects/5.3.30/spring-aspects-5.3.30.jar:/Users/laurenceadams/.m2/repository/org/springframework/boot/spring-boot-starter-web/2.7.17/spring-boot-starter-web-2.7.17.jar:/Users/laurenceadams/.m2/repository/org/springframework/boot/spring-boot-starter-json/2.7.17/spring-boot-starter-json-2.7.17.jar:/Users/laurenceadams/.m2/repository/com/fasterxml/jackson/datatype/jackson-datatype-jdk8/2.13.5/jackson-datatype-jdk8-2.13.5.jar:/Users/laurenceadams/.m2/repository/com/fasterxml/jackson/module/jackson-module-parameter-names/2.13.5/jackson-module-parameter-names-2.13.5.jar:/Users/laurenceadams/.m2/repository/org/springframework/boot/spring-boot-starter-tomcat/2.7.17/spring-boot-starter-tomcat-2.7.17.jar:/Users/laurenceadams/.m2/repository/org/apache/tomcat/embed/tomcat-embed-core/9.0.82/tomcat-embed-core-9.0.82.jar:/Users/laurenceadams/.m2/repository/org/apache/tomcat/embed/tomcat-embed-el/9.0.82/tomcat-embed-el-9.0.82.jar:/Users/laurenceadams/.m2/repository/org/apache/tomcat/embed/tomcat-embed-websocket/9.0.82/tomcat-embed-websocket-9.0.82.jar:/Users/laurenceadams/.m2/repository/org/springframework/spring-web/5.3.30/spring-web-5.3.30.jar:/Users/laurenceadams/.m2/repository/org/springframework/spring-webmvc/5.3.30/spring-webmvc-5.3.30.jar:/Users/laurenceadams/.m2/repository/org/springframework/spring-expression/5.3.30/spring-expression-5.3.30.jar:/Users/laurenceadams/.m2/repository/com/mysql/mysql-connector-j/8.0.33/mysql-connector-j-8.0.33.jar:/Users/laurenceadams/.m2/repository/au/com/dius/pact/provider/junit5/4.2.21/junit5-4.2.21.jar:/Users/laurenceadams/.m2/repository/org/junit/jupiter/junit-jupiter-api/5.8.2/junit-jupiter-api-5.8.2.jar:/Users/laurenceadams/.m2/repository/org/opentest4j/opentest4j/1.2.0/opentest4j-1.2.0.jar:/Users/laurenceadams/.m2/repository/org/junit/platform/junit-platform-commons/1.8.2/junit-platform-commons-1.8.2.jar:/Users/laurenceadams/.m2/repository/org/apiguardian/apiguardian-api/1.1.2/apiguardian-api-1.1.2.jar:/Users/laurenceadams/.m2/repository/au/com/dius/pact/core/support/4.2.21/support-4.2.21.jar:/Users/laurenceadams/.m2/repository/org/antlr/antlr4/4.9.2/antlr4-4.9.2.jar:/Users/laurenceadams/.m2/repository/org/antlr/antlr4-runtime/4.9.2/antlr4-runtime-4.9.2.jar:/Users/laurenceadams/.m2/repository/org/antlr/antlr-runtime/3.5.2/antlr-runtime-3.5.2.jar:/Users/laurenceadams/.m2/repository/org/antlr/ST4/4.3/ST4-4.3.jar:/Users/laurenceadams/.m2/repository/org/abego/treelayout/org.abego.treelayout.core/1.0.3/org.abego.treelayout.core-1.0.3.jar:/Users/laurenceadams/.m2/repository/org/glassfish/javax.json/1.0.4/javax.json-1.0.4.jar:/Users/laurenceadams/.m2/repository/com/ibm/icu/icu4j/61.1/icu4j-61.1.jar:/Users/laurenceadams/.m2/repository/io/github/microutils/kotlin-logging-jvm/2.0.10/kotlin-logging-jvm-2.0.10.jar:/Users/laurenceadams/.m2/repository/org/apache/httpcomponents/httpclient/4.5.14/httpclient-4.5.14.jar:/Users/laurenceadams/.m2/repository/org/apache/httpcomponents/httpcore/4.4.16/httpcore-4.4.16.jar:/Users/laurenceadams/.m2/repository/commons-codec/commons-codec/1.15/commons-codec-1.15.jar:/Users/laurenceadams/.m2/repository/com/michael-bull/kotlin-result/kotlin-result-jvm/1.1.12/kotlin-result-jvm-1.1.12.jar:/Users/laurenceadams/.m2/repository/org/apache/commons/commons-lang3/3.12.0/commons-lang3-3.12.0.jar:/Users/laurenceadams/.m2/repository/com/google/code/findbugs/jsr305/3.0.2/jsr305-3.0.2.jar:/Users/laurenceadams/.m2/repository/org/apache/httpcomponents/fluent-hc/4.5.14/fluent-hc-4.5.14.jar:/Users/laurenceadams/.m2/repository/commons-logging/commons-logging/1.2/commons-logging-1.2.jar:/Users/laurenceadams/.m2/repository/au/com/dius/pact/provider/4.2.21/provider-4.2.21.jar:/Users/laurenceadams/.m2/repository/commons-io/commons-io/2.11.0/commons-io-2.11.0.jar:/Users/laurenceadams/.m2/repository/au/com/dius/pact/core/model/4.2.21/model-4.2.21.jar:/Users/laurenceadams/.m2/repository/org/apache/commons/commons-collections4/4.1/commons-collections4-4.1.jar:/Users/laurenceadams/.m2/repository/com/github/mifmif/generex/1.0.2/generex-1.0.2.jar:/Users/laurenceadams/.m2/repository/javax/mail/mail/1.5.0-b01/mail-1.5.0-b01.jar:/Users/laurenceadams/.m2/repository/javax/activation/activation/1.1/activation-1.1.jar:/Users/laurenceadams/.m2/repository/org/apache/tika/tika-core/1.27/tika-core-1.27.jar:/Users/laurenceadams/.m2/repository/io/ktor/ktor-http-jvm/1.3.1/ktor-http-jvm-1.3.1.jar:/Users/laurenceadams/.m2/repository/org/jetbrains/kotlinx/atomicfu/0.14.1/atomicfu-0.14.1.jar:/Users/laurenceadams/.m2/repository/org/jetbrains/kotlinx/kotlinx-coroutines-core/1.6.4/kotlinx-coroutines-core-1.6.4.jar:/Users/laurenceadams/.m2/repository/org/jetbrains/kotlinx/kotlinx-coroutines-core-common/1.3.3/kotlinx-coroutines-core-common-1.3.3.jar:/Users/laurenceadams/.m2/repository/io/ktor/ktor-utils-jvm/1.3.1/ktor-utils-jvm-1.3.1.jar:/Users/laurenceadams/.m2/repository/io/ktor/ktor-io-jvm/1.3.1/ktor-io-jvm-1.3.1.jar:/Users/laurenceadams/.m2/repository/au/com/dius/pact/core/pactbroker/4.2.21/pactbroker-4.2.21.jar:/Users/laurenceadams/.m2/repository/com/google/guava/guava/30.1-jre/guava-30.1-jre.jar:/Users/laurenceadams/.m2/repository/com/google/guava/failureaccess/1.0.1/failureaccess-1.0.1.jar:/Users/laurenceadams/.m2/repository/com/google/guava/listenablefuture/9999.0-empty-to-avoid-conflict-with-guava/listenablefuture-9999.0-empty-to-avoid-conflict-with-guava.jar:/Users/laurenceadams/.m2/repository/org/checkerframework/checker-qual/3.5.0/checker-qual-3.5.0.jar:/Users/laurenceadams/.m2/repository/com/google/errorprone/error_prone_annotations/2.3.4/error_prone_annotations-2.3.4.jar:/Users/laurenceadams/.m2/repository/com/google/j2objc/j2objc-annotations/1.3/j2objc-annotations-1.3.jar:/Users/laurenceadams/.m2/repository/org/jetbrains/kotlin/kotlin-stdlib-jdk8/1.6.21/kotlin-stdlib-jdk8-1.6.21.jar:/Users/laurenceadams/.m2/repository/au/com/dius/pact/core/matchers/4.2.21/matchers-4.2.21.jar:/Users/laurenceadams/.m2/repository/xerces/xercesImpl/2.12.0/xercesImpl-2.12.0.jar:/Users/laurenceadams/.m2/repository/xml-apis/xml-apis/1.4.01/xml-apis-1.4.01.jar:/Users/laurenceadams/.m2/repository/org/atteo/evo-inflector/1.2.2/evo-inflector-1.2.2.jar:/Users/laurenceadams/.m2/repository/io/github/classgraph/classgraph/4.8.105/classgraph-4.8.105.jar:/Users/laurenceadams/.m2/repository/org/codehaus/groovy/groovy/3.0.19/groovy-3.0.19.jar:/Users/laurenceadams/.m2/repository/com/github/ajalt/mordant/1.2.1/mordant-1.2.1.jar:/Users/laurenceadams/.m2/repository/com/github/ajalt/colormath/1.2.0/colormath-1.2.0.jar:/Users/laurenceadams/.m2/repository/com/vladsch/flexmark/flexmark/0.62.2/flexmark-0.62.2.jar:/Users/laurenceadams/.m2/repository/com/vladsch/flexmark/flexmark-util-ast/0.62.2/flexmark-util-ast-0.62.2.jar:/Users/laurenceadams/.m2/repository/com/vladsch/flexmark/flexmark-util-builder/0.62.2/flexmark-util-builder-0.62.2.jar:/Users/laurenceadams/.m2/repository/com/vladsch/flexmark/flexmark-util-collection/0.62.2/flexmark-util-collection-0.62.2.jar:/Users/laurenceadams/.m2/repository/com/vladsch/flexmark/flexmark-util-data/0.62.2/flexmark-util-data-0.62.2.jar:/Users/laurenceadams/.m2/repository/com/vladsch/flexmark/flexmark-util-dependency/0.62.2/flexmark-util-dependency-0.62.2.jar:/Users/laurenceadams/.m2/repository/com/vladsch/flexmark/flexmark-util-format/0.62.2/flexmark-util-format-0.62.2.jar:/Users/laurenceadams/.m2/repository/com/vladsch/flexmark/flexmark-util-html/0.62.2/flexmark-util-html-0.62.2.jar:/Users/laurenceadams/.m2/repository/com/vladsch/flexmark/flexmark-util-misc/0.62.2/flexmark-util-misc-0.62.2.jar:/Users/laurenceadams/.m2/repository/com/vladsch/flexmark/flexmark-util-sequence/0.62.2/flexmark-util-sequence-0.62.2.jar:/Users/laurenceadams/.m2/repository/com/vladsch/flexmark/flexmark-util-visitor/0.62.2/flexmark-util-visitor-0.62.2.jar:/Users/laurenceadams/.m2/repository/com/vladsch/flexmark/flexmark-ext-tables/0.62.2/flexmark-ext-tables-0.62.2.jar:/Users/laurenceadams/.m2/repository/com/vladsch/flexmark/flexmark-util/0.62.2/flexmark-util-0.62.2.jar:/Users/laurenceadams/.m2/repository/com/vladsch/flexmark/flexmark-util-options/0.62.2/flexmark-util-options-0.62.2.jar:/Users/laurenceadams/.m2/repository/org/jetbrains/kotlin/kotlin-stdlib/1.6.21/kotlin-stdlib-1.6.21.jar:/Users/laurenceadams/.m2/repository/org/jetbrains/kotlin/kotlin-stdlib-common/1.6.21/kotlin-stdlib-common-1.6.21.jar:/Users/laurenceadams/.m2/repository/org/jetbrains/annotations/13.0/annotations-13.0.jar:/Users/laurenceadams/.m2/repository/org/jetbrains/kotlin/kotlin-reflect/1.6.21/kotlin-reflect-1.6.21.jar:/Users/laurenceadams/.m2/repository/org/slf4j/slf4j-api/1.7.36/slf4j-api-1.7.36.jar:/Users/laurenceadams/.m2/repository/com/h2database/h2/2.1.214/h2-2.1.214.jar:/Users/laurenceadams/.m2/repository/org/springframework/boot/spring-boot-starter-test/2.7.17/spring-boot-starter-test-2.7.17.jar:/Users/laurenceadams/.m2/repository/org/springframework/boot/spring-boot-test/2.7.17/spring-boot-test-2.7.17.jar:/Users/laurenceadams/.m2/repository/org/springframework/boot/spring-boot-test-autoconfigure/2.7.17/spring-boot-test-autoconfigure-2.7.17.jar:/Users/laurenceadams/.m2/repository/com/jayway/jsonpath/json-path/2.7.0/json-path-2.7.0.jar:/Users/laurenceadams/.m2/repository/net/minidev/json-smart/2.4.11/json-smart-2.4.11.jar:/Users/laurenceadams/.m2/repository/net/minidev/accessors-smart/2.4.11/accessors-smart-2.4.11.jar:/Users/laurenceadams/.m2/repository/org/ow2/asm/asm/9.3/asm-9.3.jar:/Users/laurenceadams/.m2/repository/jakarta/xml/bind/jakarta.xml.bind-api/2.3.3/jakarta.xml.bind-api-2.3.3.jar:/Users/laurenceadams/.m2/repository/jakarta/activation/jakarta.activation-api/1.2.2/jakarta.activation-api-1.2.2.jar:/Users/laurenceadams/.m2/repository/org/assertj/assertj-core/3.22.0/assertj-core-3.22.0.jar:/Users/laurenceadams/.m2/repository/org/hamcrest/hamcrest/2.2/hamcrest-2.2.jar:/Users/laurenceadams/.m2/repository/org/junit/jupiter/junit-jupiter/5.8.2/junit-jupiter-5.8.2.jar:/Users/laurenceadams/.m2/repository/org/junit/jupiter/junit-jupiter-params/5.8.2/junit-jupiter-params-5.8.2.jar:/Users/laurenceadams/.m2/repository/org/junit/jupiter/junit-jupiter-engine/5.8.2/junit-jupiter-engine-5.8.2.jar:/Users/laurenceadams/.m2/repository/org/junit/platform/junit-platform-engine/1.8.2/junit-platform-engine-1.8.2.jar:/Users/laurenceadams/.m2/repository/org/mockito/mockito-core/4.5.1/mockito-core-4.5.1.jar:/Users/laurenceadams/.m2/repository/net/bytebuddy/byte-buddy-agent/1.12.23/byte-buddy-agent-1.12.23.jar:/Users/laurenceadams/.m2/repository/org/objenesis/objenesis/3.2/objenesis-3.2.jar:/Users/laurenceadams/.m2/repository/org/mockito/mockito-junit-jupiter/4.5.1/mockito-junit-jupiter-4.5.1.jar:/Users/laurenceadams/.m2/repository/org/skyscreamer/jsonassert/1.5.1/jsonassert-1.5.1.jar:/Users/laurenceadams/.m2/repository/com/vaadin/external/google/android-json/0.0.20131108.vaadin1/android-json-0.0.20131108.vaadin1.jar:/Users/laurenceadams/.m2/repository/org/springframework/spring-core/5.3.30/spring-core-5.3.30.jar:/Users/laurenceadams/.m2/repository/org/springframework/spring-jcl/5.3.30/spring-jcl-5.3.30.jar:/Users/laurenceadams/.m2/repository/org/springframework/spring-test/5.3.30/spring-test-5.3.30.jar:/Users/laurenceadams/.m2/repository/org/xmlunit/xmlunit-core/2.9.1/xmlunit-core-2.9.1.jar:/Users/laurenceadams/.m2/repository/au/com/dius/pact/consumer/junit5/4.2.7/junit5-4.2.7.jar:/Users/laurenceadams/.m2/repository/au/com/dius/pact/consumer/4.2.7/consumer-4.2.7.jar:/Users/laurenceadams/.m2/repository/com/googlecode/java-diff-utils/diffutils/1.3.0/diffutils-1.3.0.jar:/Users/laurenceadams/.m2/repository/dk/brics/automaton/automaton/1.11-8/automaton-1.11-8.jar:/Users/laurenceadams/.m2/repository/org/json/json/20160212/json-20160212.jar:/Users/laurenceadams/.m2/repository/io/netty/netty-handler/4.1.100.Final/netty-handler-4.1.100.Final.jar:/Users/laurenceadams/.m2/repository/io/netty/netty-common/4.1.100.Final/netty-common-4.1.100.Final.jar:/Users/laurenceadams/.m2/repository/io/netty/netty-resolver/4.1.100.Final/netty-resolver-4.1.100.Final.jar:/Users/laurenceadams/.m2/repository/io/netty/netty-buffer/4.1.100.Final/netty-buffer-4.1.100.Final.jar:/Users/laurenceadams/.m2/repository/io/netty/netty-transport/4.1.100.Final/netty-transport-4.1.100.Final.jar:/Users/laurenceadams/.m2/repository/io/netty/netty-transport-native-unix-common/4.1.100.Final/netty-transport-native-unix-common-4.1.100.Final.jar:/Users/laurenceadams/.m2/repository/io/netty/netty-codec/4.1.100.Final/netty-codec-4.1.100.Final.jar:/Users/laurenceadams/.m2/repository/org/apache/httpcomponents/httpmime/4.5.14/httpmime-4.5.14.jar:/Users/laurenceadams/.m2/repository/io/ktor/ktor-server-netty/1.4.1/ktor-server-netty-1.4.1.jar:/Users/laurenceadams/.m2/repository/org/jetbrains/kotlin/kotlin-stdlib-jdk7/1.6.21/kotlin-stdlib-jdk7-1.6.21.jar:/Users/laurenceadams/.m2/repository/org/jetbrains/kotlinx/kotlinx-coroutines-jdk8/1.6.4/kotlinx-coroutines-jdk8-1.6.4.jar:/Users/laurenceadams/.m2/repository/org/jetbrains/kotlinx/kotlinx-coroutines-core-jvm/1.6.4/kotlinx-coroutines-core-jvm-1.6.4.jar:/Users/laurenceadams/.m2/repository/io/ktor/ktor-server-host-common/1.4.1/ktor-server-host-common-1.4.1.jar:/Users/laurenceadams/.m2/repository/io/ktor/ktor-server-core/1.4.1/ktor-server-core-1.4.1.jar:/Users/laurenceadams/.m2/repository/com/typesafe/config/1.3.1/config-1.3.1.jar:/Users/laurenceadams/.m2/repository/io/ktor/ktor-http-cio-jvm/1.4.1/ktor-http-cio-jvm-1.4.1.jar:/Users/laurenceadams/.m2/repository/io/netty/netty-codec-http2/4.1.100.Final/netty-codec-http2-4.1.100.Final.jar:/Users/laurenceadams/.m2/repository/io/netty/netty-codec-http/4.1.100.Final/netty-codec-http-4.1.100.Final.jar:/Users/laurenceadams/.m2/repository/org/eclipse/jetty/alpn/alpn-api/1.1.3.v20160715/alpn-api-1.1.3.v20160715.jar:/Users/laurenceadams/.m2/repository/io/netty/netty-transport-native-kqueue/4.1.100.Final/netty-transport-native-kqueue-4.1.100.Final.jar:/Users/laurenceadams/.m2/repository/io/netty/netty-transport-classes-kqueue/4.1.100.Final/netty-transport-classes-kqueue-4.1.100.Final.jar:/Users/laurenceadams/.m2/repository/io/netty/netty-transport-native-epoll/4.1.100.Final/netty-transport-native-epoll-4.1.100.Final.jar:/Users/laurenceadams/.m2/repository/io/netty/netty-transport-classes-epoll/4.1.100.Final/netty-transport-classes-epoll-4.1.100.Final.jar:/Users/laurenceadams/.m2/repository/io/ktor/ktor-network-tls-certificates/1.4.1/ktor-network-tls-certificates-1.4.1.jar:/Users/laurenceadams/.m2/repository/io/ktor/ktor-network-tls-jvm/1.4.1/ktor-network-tls-jvm-1.4.1.jar:/Users/laurenceadams/.m2/repository/io/ktor/ktor-network-jvm/1.4.1/ktor-network-jvm-1.4.1.jar:"/>
    <property name="java.vm.vendor" value="Oracle Corporation"/>
    <property name="sun.arch.data.model" value="64"/>
    <property name="java.vendor.url" value="https://java.oracle.com/"/>
    <property name="os.name" value="Mac OS X"/>
    <property name="java.vm.specification.version" value="18"/>
    <property name="sun.java.launcher" value="SUN_STANDARD"/>
    <property name="user.country" value="US"/>
    <property name="sun.boot.library.path" value="/Users/laurenceadams/Library/Java/JavaVirtualMachines/openjdk-18.0.2/Contents/Home/lib"/>
    <property name="sun.java.command" value="/Users/laurenceadams/programming/scaling-sniffle/library-service/target/surefire/surefirebooter12971691120847020865.jar /Users/laurenceadams/programming/scaling-sniffle/library-service/target/surefire 2023-11-14T21-39-16_753-jvmRun1 surefire18193377636371155411tmp surefire_0987107797404190991tmp"/>
    <property name="http.nonProxyHosts" value="local|*.local|169.254/16|*.169.254/16"/>
    <property name="jdk.debug" value="release"/>
    <property name="surefire.test.class.path" value="/Users/laurenceadams/programming/scaling-sniffle/library-service/target/test-classes:/Users/laurenceadams/programming/scaling-sniffle/library-service/target/classes:/Users/laurenceadams/.m2/repository/org/springframework/boot/spring-boot-starter-actuator/2.7.17/spring-boot-starter-actuator-2.7.17.jar:/Users/laurenceadams/.m2/repository/org/springframework/boot/spring-boot-starter/2.7.17/spring-boot-starter-2.7.17.jar:/Users/laurenceadams/.m2/repository/org/springframework/boot/spring-boot/2.7.17/spring-boot-2.7.17.jar:/Users/laurenceadams/.m2/repository/org/springframework/boot/spring-boot-autoconfigure/2.7.17/spring-boot-autoconfigure-2.7.17.jar:/Users/laurenceadams/.m2/repository/org/springframework/boot/spring-boot-starter-logging/2.7.17/spring-boot-starter-logging-2.7.17.jar:/Users/laurenceadams/.m2/repository/ch/qos/logback/logback-classic/1.2.12/logback-classic-1.2.12.jar:/Users/laurenceadams/.m2/repository/ch/qos/logback/logback-core/1.2.12/logback-core-1.2.12.jar:/Users/laurenceadams/.m2/repository/org/apache/logging/log4j/log4j-to-slf4j/2.17.2/log4j-to-slf4j-2.17.2.jar:/Users/laurenceadams/.m2/repository/org/apache/logging/log4j/log4j-api/2.17.2/log4j-api-2.17.2.jar:/Users/laurenceadams/.m2/repository/org/slf4j/jul-to-slf4j/1.7.36/jul-to-slf4j-1.7.36.jar:/Users/laurenceadams/.m2/repository/jakarta/annotation/jakarta.annotation-api/1.3.5/jakarta.annotation-api-1.3.5.jar:/Users/laurenceadams/.m2/repository/org/yaml/snakeyaml/1.30/snakeyaml-1.30.jar:/Users/laurenceadams/.m2/repository/org/springframework/boot/spring-boot-actuator-autoconfigure/2.7.17/spring-boot-actuator-autoconfigure-2.7.17.jar:/Users/laurenceadams/.m2/repository/org/springframework/boot/spring-boot-actuator/2.7.17/spring-boot-actuator-2.7.17.jar:/Users/laurenceadams/.m2/repository/com/fasterxml/jackson/core/jackson-databind/2.13.5/jackson-databind-2.13.5.jar:/Users/laurenceadams/.m2/repository/com/fasterxml/jackson/core/jackson-annotations/2.13.5/jackson-annotations-2.13.5.jar:/Users/laurenceadams/.m2/repository/com/fasterxml/jackson/core/jackson-core/2.13.5/jackson-core-2.13.5.jar:/Users/laurenceadams/.m2/repository/com/fasterxml/jackson/datatype/jackson-datatype-jsr310/2.13.5/jackson-datatype-jsr310-2.13.5.jar:/Users/laurenceadams/.m2/repository/io/micrometer/micrometer-core/1.9.16/micrometer-core-1.9.16.jar:/Users/laurenceadams/.m2/repository/org/hdrhistogram/HdrHistogram/2.1.12/HdrHistogram-2.1.12.jar:/Users/laurenceadams/.m2/repository/org/latencyutils/LatencyUtils/2.0.3/LatencyUtils-2.0.3.jar:/Users/laurenceadams/.m2/repository/org/springframework/boot/spring-boot-starter-data-jpa/2.7.17/spring-boot-starter-data-jpa-2.7.17.jar:/Users/laurenceadams/.m2/repository/org/springframework/boot/spring-boot-starter-aop/2.7.17/spring-boot-starter-aop-2.7.17.jar:/Users/laurenceadams/.m2/repository/org/springframework/spring-aop/5.3.30/spring-aop-5.3.30.jar:/Users/laurenceadams/.m2/repository/org/aspectj/aspectjweaver/1.9.7/aspectjweaver-1.9.7.jar:/Users/laurenceadams/.m2/repository/org/springframework/boot/spring-boot-starter-jdbc/2.7.17/spring-boot-starter-jdbc-2.7.17.jar:/Users/laurenceadams/.m2/repository/com/zaxxer/HikariCP/4.0.3/HikariCP-4.0.3.jar:/Users/laurenceadams/.m2/repository/org/springframework/spring-jdbc/5.3.30/spring-jdbc-5.3.30.jar:/Users/laurenceadams/.m2/repository/jakarta/transaction/jakarta.transaction-api/1.3.3/jakarta.transaction-api-1.3.3.jar:/Users/laurenceadams/.m2/repository/jakarta/persistence/jakarta.persistence-api/2.2.3/jakarta.persistence-api-2.2.3.jar:/Users/laurenceadams/.m2/repository/org/hibernate/hibernate-core/5.6.15.Final/hibernate-core-5.6.15.Final.jar:/Users/laurenceadams/.m2/repository/org/jboss/logging/jboss-logging/3.4.3.Final/jboss-logging-3.4.3.Final.jar:/Users/laurenceadams/.m2/repository/net/bytebuddy/byte-buddy/1.12.23/byte-buddy-1.12.23.jar:/Users/laurenceadams/.m2/repository/antlr/antlr/2.7.7/antlr-2.7.7.jar:/Users/laurenceadams/.m2/repository/org/jboss/jandex/2.4.2.Final/jandex-2.4.2.Final.jar:/Users/laurenceadams/.m2/repository/com/fasterxml/classmate/1.5.1/classmate-1.5.1.jar:/Users/laurenceadams/.m2/repository/org/hibernate/common/hibernate-commons-annotations/5.1.2.Final/hibernate-commons-annotations-5.1.2.Final.jar:/Users/laurenceadams/.m2/repository/org/glassfish/jaxb/jaxb-runtime/2.3.8/jaxb-runtime-2.3.8.jar:/Users/laurenceadams/.m2/repository/org/glassfish/jaxb/txw2/2.3.8/txw2-2.3.8.jar:/Users/laurenceadams/.m2/repository/com/sun/istack/istack-commons-runtime/3.0.12/istack-commons-runtime-3.0.12.jar:/Users/laurenceadams/.m2/repository/com/sun/activation/jakarta.activation/1.2.2/jakarta.activation-1.2.2.jar:/Users/laurenceadams/.m2/repository/org/springframework/data/spring-data-jpa/2.7.17/spring-data-jpa-2.7.17.jar:/Users/laurenceadams/.m2/repository/org/springframework/data/spring-data-commons/2.7.17/spring-data-commons-2.7.17.jar:/Users/laurenceadams/.m2/repository/org/springframework/spring-orm/5.3.30/spring-orm-5.3.30.jar:/Users/laurenceadams/.m2/repository/org/springframework/spring-context/5.3.30/spring-context-5.3.30.jar:/Users/laurenceadams/.m2/repository/org/springframework/spring-tx/5.3.30/spring-tx-5.3.30.jar:/Users/laurenceadams/.m2/repository/org/springframework/spring-beans/5.3.30/spring-beans-5.3.30.jar:/Users/laurenceadams/.m2/repository/org/springframework/spring-aspects/5.3.30/spring-aspects-5.3.30.jar:/Users/laurenceadams/.m2/repository/org/springframework/boot/spring-boot-starter-web/2.7.17/spring-boot-starter-web-2.7.17.jar:/Users/laurenceadams/.m2/repository/org/springframework/boot/spring-boot-starter-json/2.7.17/spring-boot-starter-json-2.7.17.jar:/Users/laurenceadams/.m2/repository/com/fasterxml/jackson/datatype/jackson-datatype-jdk8/2.13.5/jackson-datatype-jdk8-2.13.5.jar:/Users/laurenceadams/.m2/repository/com/fasterxml/jackson/module/jackson-module-parameter-names/2.13.5/jackson-module-parameter-names-2.13.5.jar:/Users/laurenceadams/.m2/repository/org/springframework/boot/spring-boot-starter-tomcat/2.7.17/spring-boot-starter-tomcat-2.7.17.jar:/Users/laurenceadams/.m2/repository/org/apache/tomcat/embed/tomcat-embed-core/9.0.82/tomcat-embed-core-9.0.82.jar:/Users/laurenceadams/.m2/repository/org/apache/tomcat/embed/tomcat-embed-el/9.0.82/tomcat-embed-el-9.0.82.jar:/Users/laurenceadams/.m2/repository/org/apache/tomcat/embed/tomcat-embed-websocket/9.0.82/tomcat-embed-websocket-9.0.82.jar:/Users/laurenceadams/.m2/repository/org/springframework/spring-web/5.3.30/spring-web-5.3.30.jar:/Users/laurenceadams/.m2/repository/org/springframework/spring-webmvc/5.3.30/spring-webmvc-5.3.30.jar:/Users/laurenceadams/.m2/repository/org/springframework/spring-expression/5.3.30/spring-expression-5.3.30.jar:/Users/laurenceadams/.m2/repository/com/mysql/mysql-connector-j/8.0.33/mysql-connector-j-8.0.33.jar:/Users/laurenceadams/.m2/repository/au/com/dius/pact/provider/junit5/4.2.21/junit5-4.2.21.jar:/Users/laurenceadams/.m2/repository/org/junit/jupiter/junit-jupiter-api/5.8.2/junit-jupiter-api-5.8.2.jar:/Users/laurenceadams/.m2/repository/org/opentest4j/opentest4j/1.2.0/opentest4j-1.2.0.jar:/Users/laurenceadams/.m2/repository/org/junit/platform/junit-platform-commons/1.8.2/junit-platform-commons-1.8.2.jar:/Users/laurenceadams/.m2/repository/org/apiguardian/apiguardian-api/1.1.2/apiguardian-api-1.1.2.jar:/Users/laurenceadams/.m2/repository/au/com/dius/pact/core/support/4.2.21/support-4.2.21.jar:/Users/laurenceadams/.m2/repository/org/antlr/antlr4/4.9.2/antlr4-4.9.2.jar:/Users/laurenceadams/.m2/repository/org/antlr/antlr4-runtime/4.9.2/antlr4-runtime-4.9.2.jar:/Users/laurenceadams/.m2/repository/org/antlr/antlr-runtime/3.5.2/antlr-runtime-3.5.2.jar:/Users/laurenceadams/.m2/repository/org/antlr/ST4/4.3/ST4-4.3.jar:/Users/laurenceadams/.m2/repository/org/abego/treelayout/org.abego.treelayout.core/1.0.3/org.abego.treelayout.core-1.0.3.jar:/Users/laurenceadams/.m2/repository/org/glassfish/javax.json/1.0.4/javax.json-1.0.4.jar:/Users/laurenceadams/.m2/repository/com/ibm/icu/icu4j/61.1/icu4j-61.1.jar:/Users/laurenceadams/.m2/repository/io/github/microutils/kotlin-logging-jvm/2.0.10/kotlin-logging-jvm-2.0.10.jar:/Users/laurenceadams/.m2/repository/org/apache/httpcomponents/httpclient/4.5.14/httpclient-4.5.14.jar:/Users/laurenceadams/.m2/repository/org/apache/httpcomponents/httpcore/4.4.16/httpcore-4.4.16.jar:/Users/laurenceadams/.m2/repository/commons-codec/commons-codec/1.15/commons-codec-1.15.jar:/Users/laurenceadams/.m2/repository/com/michael-bull/kotlin-result/kotlin-result-jvm/1.1.12/kotlin-result-jvm-1.1.12.jar:/Users/laurenceadams/.m2/repository/org/apache/commons/commons-lang3/3.12.0/commons-lang3-3.12.0.jar:/Users/laurenceadams/.m2/repository/com/google/code/findbugs/jsr305/3.0.2/jsr305-3.0.2.jar:/Users/laurenceadams/.m2/repository/org/apache/httpcomponents/fluent-hc/4.5.14/fluent-hc-4.5.14.jar:/Users/laurenceadams/.m2/repository/commons-logging/commons-logging/1.2/commons-logging-1.2.jar:/Users/laurenceadams/.m2/repository/au/com/dius/pact/provider/4.2.21/provider-4.2.21.jar:/Users/laurenceadams/.m2/repository/commons-io/commons-io/2.11.0/commons-io-2.11.0.jar:/Users/laurenceadams/.m2/repository/au/com/dius/pact/core/model/4.2.21/model-4.2.21.jar:/Users/laurenceadams/.m2/repository/org/apache/commons/commons-collections4/4.1/commons-collections4-4.1.jar:/Users/laurenceadams/.m2/repository/com/github/mifmif/generex/1.0.2/generex-1.0.2.jar:/Users/laurenceadams/.m2/repository/javax/mail/mail/1.5.0-b01/mail-1.5.0-b01.jar:/Users/laurenceadams/.m2/repository/javax/activation/activation/1.1/activation-1.1.jar:/Users/laurenceadams/.m2/repository/org/apache/tika/tika-core/1.27/tika-core-1.27.jar:/Users/laurenceadams/.m2/repository/io/ktor/ktor-http-jvm/1.3.1/ktor-http-jvm-1.3.1.jar:/Users/laurenceadams/.m2/repository/org/jetbrains/kotlinx/atomicfu/0.14.1/atomicfu-0.14.1.jar:/Users/laurenceadams/.m2/repository/org/jetbrains/kotlinx/kotlinx-coroutines-core/1.6.4/kotlinx-coroutines-core-1.6.4.jar:/Users/laurenceadams/.m2/repository/org/jetbrains/kotlinx/kotlinx-coroutines-core-common/1.3.3/kotlinx-coroutines-core-common-1.3.3.jar:/Users/laurenceadams/.m2/repository/io/ktor/ktor-utils-jvm/1.3.1/ktor-utils-jvm-1.3.1.jar:/Users/laurenceadams/.m2/repository/io/ktor/ktor-io-jvm/1.3.1/ktor-io-jvm-1.3.1.jar:/Users/laurenceadams/.m2/repository/au/com/dius/pact/core/pactbroker/4.2.21/pactbroker-4.2.21.jar:/Users/laurenceadams/.m2/repository/com/google/guava/guava/30.1-jre/guava-30.1-jre.jar:/Users/laurenceadams/.m2/repository/com/google/guava/failureaccess/1.0.1/failureaccess-1.0.1.jar:/Users/laurenceadams/.m2/repository/com/google/guava/listenablefuture/9999.0-empty-to-avoid-conflict-with-guava/listenablefuture-9999.0-empty-to-avoid-conflict-with-guava.jar:/Users/laurenceadams/.m2/repository/org/checkerframework/checker-qual/3.5.0/checker-qual-3.5.0.jar:/Users/laurenceadams/.m2/repository/com/google/errorprone/error_prone_annotations/2.3.4/error_prone_annotations-2.3.4.jar:/Users/laurenceadams/.m2/repository/com/google/j2objc/j2objc-annotations/1.3/j2objc-annotations-1.3.jar:/Users/laurenceadams/.m2/repository/org/jetbrains/kotlin/kotlin-stdlib-jdk8/1.6.21/kotlin-stdlib-jdk8-1.6.21.jar:/Users/laurenceadams/.m2/repository/au/com/dius/pact/core/matchers/4.2.21/matchers-4.2.21.jar:/Users/laurenceadams/.m2/repository/xerces/xercesImpl/2.12.0/xercesImpl-2.12.0.jar:/Users/laurenceadams/.m2/repository/xml-apis/xml-apis/1.4.01/xml-apis-1.4.01.jar:/Users/laurenceadams/.m2/repository/org/atteo/evo-inflector/1.2.2/evo-inflector-1.2.2.jar:/Users/laurenceadams/.m2/repository/io/github/classgraph/classgraph/4.8.105/classgraph-4.8.105.jar:/Users/laurenceadams/.m2/repository/org/codehaus/groovy/groovy/3.0.19/groovy-3.0.19.jar:/Users/laurenceadams/.m2/repository/com/github/ajalt/mordant/1.2.1/mordant-1.2.1.jar:/Users/laurenceadams/.m2/repository/com/github/ajalt/colormath/1.2.0/colormath-1.2.0.jar:/Users/laurenceadams/.m2/repository/com/vladsch/flexmark/flexmark/0.62.2/flexmark-0.62.2.jar:/Users/laurenceadams/.m2/repository/com/vladsch/flexmark/flexmark-util-ast/0.62.2/flexmark-util-ast-0.62.2.jar:/Users/laurenceadams/.m2/repository/com/vladsch/flexmark/flexmark-util-builder/0.62.2/flexmark-util-builder-0.62.2.jar:/Users/laurenceadams/.m2/repository/com/vladsch/flexmark/flexmark-util-collection/0.62.2/flexmark-util-collection-0.62.2.jar:/Users/laurenceadams/.m2/repository/com/vladsch/flexmark/flexmark-util-data/0.62.2/flexmark-util-data-0.62.2.jar:/Users/laurenceadams/.m2/repository/com/vladsch/flexmark/flexmark-util-dependency/0.62.2/flexmark-util-dependency-0.62.2.jar:/Users/laurenceadams/.m2/repository/com/vladsch/flexmark/flexmark-util-format/0.62.2/flexmark-util-format-0.62.2.jar:/Users/laurenceadams/.m2/repository/com/vladsch/flexmark/flexmark-util-html/0.62.2/flexmark-util-html-0.62.2.jar:/Users/laurenceadams/.m2/repository/com/vladsch/flexmark/flexmark-util-misc/0.62.2/flexmark-util-misc-0.62.2.jar:/Users/laurenceadams/.m2/repository/com/vladsch/flexmark/flexmark-util-sequence/0.62.2/flexmark-util-sequence-0.62.2.jar:/Users/laurenceadams/.m2/repository/com/vladsch/flexmark/flexmark-util-visitor/0.62.2/flexmark-util-visitor-0.62.2.jar:/Users/laurenceadams/.m2/repository/com/vladsch/flexmark/flexmark-ext-tables/0.62.2/flexmark-ext-tables-0.62.2.jar:/Users/laurenceadams/.m2/repository/com/vladsch/flexmark/flexmark-util/0.62.2/flexmark-util-0.62.2.jar:/Users/laurenceadams/.m2/repository/com/vladsch/flexmark/flexmark-util-options/0.62.2/flexmark-util-options-0.62.2.jar:/Users/laurenceadams/.m2/repository/org/jetbrains/kotlin/kotlin-stdlib/1.6.21/kotlin-stdlib-1.6.21.jar:/Users/laurenceadams/.m2/repository/org/jetbrains/kotlin/kotlin-stdlib-common/1.6.21/kotlin-stdlib-common-1.6.21.jar:/Users/laurenceadams/.m2/repository/org/jetbrains/annotations/13.0/annotations-13.0.jar:/Users/laurenceadams/.m2/repository/org/jetbrains/kotlin/kotlin-reflect/1.6.21/kotlin-reflect-1.6.21.jar:/Users/laurenceadams/.m2/repository/org/slf4j/slf4j-api/1.7.36/slf4j-api-1.7.36.jar:/Users/laurenceadams/.m2/repository/com/h2database/h2/2.1.214/h2-2.1.214.jar:/Users/laurenceadams/.m2/repository/org/springframework/boot/spring-boot-starter-test/2.7.17/spring-boot-starter-test-2.7.17.jar:/Users/laurenceadams/.m2/repository/org/springframework/boot/spring-boot-test/2.7.17/spring-boot-test-2.7.17.jar:/Users/laurenceadams/.m2/repository/org/springframework/boot/spring-boot-test-autoconfigure/2.7.17/spring-boot-test-autoconfigure-2.7.17.jar:/Users/laurenceadams/.m2/repository/com/jayway/jsonpath/json-path/2.7.0/json-path-2.7.0.jar:/Users/laurenceadams/.m2/repository/net/minidev/json-smart/2.4.11/json-smart-2.4.11.jar:/Users/laurenceadams/.m2/repository/net/minidev/accessors-smart/2.4.11/accessors-smart-2.4.11.jar:/Users/laurenceadams/.m2/repository/org/ow2/asm/asm/9.3/asm-9.3.jar:/Users/laurenceadams/.m2/repository/jakarta/xml/bind/jakarta.xml.bind-api/2.3.3/jakarta.xml.bind-api-2.3.3.jar:/Users/laurenceadams/.m2/repository/jakarta/activation/jakarta.activation-api/1.2.2/jakarta.activation-api-1.2.2.jar:/Users/laurenceadams/.m2/repository/org/assertj/assertj-core/3.22.0/assertj-core-3.22.0.jar:/Users/laurenceadams/.m2/repository/org/hamcrest/hamcrest/2.2/hamcrest-2.2.jar:/Users/laurenceadams/.m2/repository/org/junit/jupiter/junit-jupiter/5.8.2/junit-jupiter-5.8.2.jar:/Users/laurenceadams/.m2/repository/org/junit/jupiter/junit-jupiter-params/5.8.2/junit-jupiter-params-5.8.2.jar:/Users/laurenceadams/.m2/repository/org/junit/jupiter/junit-jupiter-engine/5.8.2/junit-jupiter-engine-5.8.2.jar:/Users/laurenceadams/.m2/repository/org/junit/platform/junit-platform-engine/1.8.2/junit-platform-engine-1.8.2.jar:/Users/laurenceadams/.m2/repository/org/mockito/mockito-core/4.5.1/mockito-core-4.5.1.jar:/Users/laurenceadams/.m2/repository/net/bytebuddy/byte-buddy-agent/1.12.23/byte-buddy-agent-1.12.23.jar:/Users/laurenceadams/.m2/repository/org/objenesis/objenesis/3.2/objenesis-3.2.jar:/Users/laurenceadams/.m2/repository/org/mockito/mockito-junit-jupiter/4.5.1/mockito-junit-jupiter-4.5.1.jar:/Users/laurenceadams/.m2/repository/org/skyscreamer/jsonassert/1.5.1/jsonassert-1.5.1.jar:/Users/laurenceadams/.m2/repository/com/vaadin/external/google/android-json/0.0.20131108.vaadin1/android-json-0.0.20131108.vaadin1.jar:/Users/laurenceadams/.m2/repository/org/springframework/spring-core/5.3.30/spring-core-5.3.30.jar:/Users/laurenceadams/.m2/repository/org/springframework/spring-jcl/5.3.30/spring-jcl-5.3.30.jar:/Users/laurenceadams/.m2/repository/org/springframework/spring-test/5.3.30/spring-test-5.3.30.jar:/Users/laurenceadams/.m2/repository/org/xmlunit/xmlunit-core/2.9.1/xmlunit-core-2.9.1.jar:/Users/laurenceadams/.m2/repository/au/com/dius/pact/consumer/junit5/4.2.7/junit5-4.2.7.jar:/Users/laurenceadams/.m2/repository/au/com/dius/pact/consumer/4.2.7/consumer-4.2.7.jar:/Users/laurenceadams/.m2/repository/com/googlecode/java-diff-utils/diffutils/1.3.0/diffutils-1.3.0.jar:/Users/laurenceadams/.m2/repository/dk/brics/automaton/automaton/1.11-8/automaton-1.11-8.jar:/Users/laurenceadams/.m2/repository/org/json/json/20160212/json-20160212.jar:/Users/laurenceadams/.m2/repository/io/netty/netty-handler/4.1.100.Final/netty-handler-4.1.100.Final.jar:/Users/laurenceadams/.m2/repository/io/netty/netty-common/4.1.100.Final/netty-common-4.1.100.Final.jar:/Users/laurenceadams/.m2/repository/io/netty/netty-resolver/4.1.100.Final/netty-resolver-4.1.100.Final.jar:/Users/laurenceadams/.m2/repository/io/netty/netty-buffer/4.1.100.Final/netty-buffer-4.1.100.Final.jar:/Users/laurenceadams/.m2/repository/io/netty/netty-transport/4.1.100.Final/netty-transport-4.1.100.Final.jar:/Users/laurenceadams/.m2/repository/io/netty/netty-transport-native-unix-common/4.1.100.Final/netty-transport-native-unix-common-4.1.100.Final.jar:/Users/laurenceadams/.m2/repository/io/netty/netty-codec/4.1.100.Final/netty-codec-4.1.100.Final.jar:/Users/laurenceadams/.m2/repository/org/apache/httpcomponents/httpmime/4.5.14/httpmime-4.5.14.jar:/Users/laurenceadams/.m2/repository/io/ktor/ktor-server-netty/1.4.1/ktor-server-netty-1.4.1.jar:/Users/laurenceadams/.m2/repository/org/jetbrains/kotlin/kotlin-stdlib-jdk7/1.6.21/kotlin-stdlib-jdk7-1.6.21.jar:/Users/laurenceadams/.m2/repository/org/jetbrains/kotlinx/kotlinx-coroutines-jdk8/1.6.4/kotlinx-coroutines-jdk8-1.6.4.jar:/Users/laurenceadams/.m2/repository/org/jetbrains/kotlinx/kotlinx-coroutines-core-jvm/1.6.4/kotlinx-coroutines-core-jvm-1.6.4.jar:/Users/laurenceadams/.m2/repository/io/ktor/ktor-server-host-common/1.4.1/ktor-server-host-common-1.4.1.jar:/Users/laurenceadams/.m2/repository/io/ktor/ktor-server-core/1.4.1/ktor-server-core-1.4.1.jar:/Users/laurenceadams/.m2/repository/com/typesafe/config/1.3.1/config-1.3.1.jar:/Users/laurenceadams/.m2/repository/io/ktor/ktor-http-cio-jvm/1.4.1/ktor-http-cio-jvm-1.4.1.jar:/Users/laurenceadams/.m2/repository/io/netty/netty-codec-http2/4.1.100.Final/netty-codec-http2-4.1.100.Final.jar:/Users/laurenceadams/.m2/repository/io/netty/netty-codec-http/4.1.100.Final/netty-codec-http-4.1.100.Final.jar:/Users/laurenceadams/.m2/repository/org/eclipse/jetty/alpn/alpn-api/1.1.3.v20160715/alpn-api-1.1.3.v20160715.jar:/Users/laurenceadams/.m2/repository/io/netty/netty-transport-native-kqueue/4.1.100.Final/netty-transport-native-kqueue-4.1.100.Final.jar:/Users/laurenceadams/.m2/repository/io/netty/netty-transport-classes-kqueue/4.1.100.Final/netty-transport-classes-kqueue-4.1.100.Final.jar:/Users/laurenceadams/.m2/repository/io/netty/netty-transport-native-epoll/4.1.100.Final/netty-transport-native-epoll-4.1.100.Final.jar:/Users/laurenceadams/.m2/repository/io/netty/netty-transport-classes-epoll/4.1.100.Final/netty-transport-classes-epoll-4.1.100.Final.jar:/Users/laurenceadams/.m2/repository/io/ktor/ktor-network-tls-certificates/1.4.1/ktor-network-tls-certificates-1.4.1.jar:/Users/laurenceadams/.m2/repository/io/ktor/ktor-network-tls-jvm/1.4.1/ktor-network-tls-jvm-1.4.1.jar:/Users/laurenceadams/.m2/repository/io/ktor/ktor-network-jvm/1.4.1/ktor-network-jvm-1.4.1.jar:"/>
    <property name="sun.cpu.endian" value="little"/>
    <property name="user.home" value="/Users/laurenceadams"/>
    <property name="user.language" value="en"/>
    <property name="java.specification.vendor" value="Oracle Corporation"/>
    <property name="java.version.date" value="2022-07-19"/>
    <property name="java.home" value="/Users/laurenceadams/Library/Java/JavaVirtualMachines/openjdk-18.0.2/Contents/Home"/>
    <property name="file.separator" value="/"/>
    <property name="basedir" value="/Users/laurenceadams/programming/scaling-sniffle/library-service"/>
    <property name="java.vm.compressedOopsMode" value="Zero based"/>
    <property name="line.separator" value="&#10;"/>
    <property name="java.vm.specification.vendor" value="Oracle Corporation"/>
    <property name="java.specification.name" value="Java Platform API Specification"/>
    <property name="apple.awt.application.name" value="ForkedBooter"/>
    <property name="surefire.real.class.path" value="/Users/laurenceadams/programming/scaling-sniffle/library-service/target/surefire/surefirebooter12971691120847020865.jar"/>
    <property name="sun.management.compiler" value="HotSpot 64-Bit Tiered Compilers"/>
    <property name="ftp.nonProxyHosts" value="local|*.local|169.254/16|*.169.254/16"/>
    <property name="java.runtime.version" value="18.0.2+9-61"/>
    <property name="user.name" value="laurenceadams"/>
    <property name="path.separator" value=":"/>
    <property name="os.version" value="13.4.1"/>
    <property name="java.runtime.name" value="OpenJDK Runtime Environment"/>
    <property name="file.encoding" value="UTF-8"/>
    <property name="java.vm.name" value="OpenJDK 64-Bit Server VM"/>
    <property name="localRepository" value="/Users/laurenceadams/.m2/repository"/>
    <property name="java.vendor.url.bug" value="https://bugreport.java.com/bugreport/"/>
    <property name="java.io.tmpdir" value="/var/folders/4q/nk9k0m5s1vs5fyrh6cr6nnpw0000gn/T/"/>
    <property name="idea.version" value="2022.3"/>
    <property name="java.version" value="18.0.2"/>
    <property name="user.dir" value="/Users/laurenceadams/programming/scaling-sniffle/library-service"/>
    <property name="os.arch" value="x86_64"/>
    <property name="java.vm.specification.name" value="Java Virtual Machine Specification"/>
    <property name="native.encoding" value="UTF-8"/>
    <property name="java.library.path" value="/Users/laurenceadams/Library/Java/Extensions:/Library/Java/Extensions:/Network/Library/Java/Extensions:/System/Library/Java/Extensions:/usr/lib/java:."/>
    <property name="java.vm.info" value="mixed mode, sharing"/>
    <property name="java.vendor" value="Oracle Corporation"/>
    <property name="java.vm.version" value="18.0.2+9-61"/>
    <property name="sun.io.unicode.encoding" value="UnicodeBig"/>
    <property name="socksNonProxyHosts" value="local|*.local|169.254/16|*.169.254/16"/>
    <property name="java.class.version" value="62.0"/>
  </properties>
  <testcase name="pactVerificationTestTemplate{PactVerificationContext}" classname="com.example.libraryservice.PactVerificationTest" time="0.02">
    <error message="You must register at least one TestTemplateInvocationContextProvider that supports @TestTemplate method [void com.example.libraryservice.PactVerificationTest.pactVerificationTestTemplate(au.com.dius.pact.provider.junit5.PactVerificationContext)]" type="org.junit.platform.commons.PreconditionViolationException">org.junit.platform.commons.PreconditionViolationException: You must register at least one TestTemplateInvocationContextProvider that supports @TestTemplate method [void com.example.libraryservice.PactVerificationTest.pactVerificationTestTemplate(au.com.dius.pact.provider.junit5.PactVerificationContext)]
</error>
    <system-out><![CDATA[2023-11-14 21:39:30.707  INFO 18679 --- [           main] .b.t.c.SpringBootTestContextBootstrapper : Neither @ContextConfiguration nor @ContextHierarchy found for test class [com.example.libraryservice.PactVerificationTest], using SpringBootContextLoader
2023-11-14 21:39:30.708  INFO 18679 --- [           main] o.s.t.c.support.AbstractContextLoader    : Could not detect default resource locations for test class [com.example.libraryservice.PactVerificationTest]: no resource found for suffixes {-context.xml, Context.groovy}.
2023-11-14 21:39:30.708  INFO 18679 --- [           main] t.c.s.AnnotationConfigContextLoaderUtils : Could not detect default configuration classes for test class [com.example.libraryservice.PactVerificationTest]: PactVerificationTest does not declare any static, non-private, non-final, nested classes annotated with @Configuration.
2023-11-14 21:39:30.710  INFO 18679 --- [           main] .b.t.c.SpringBootTestContextBootstrapper : Found @SpringBootConfiguration com.example.libraryservice.LibraryServiceApplication for test class com.example.libraryservice.PactVerificationTest
2023-11-14 21:39:30.713  INFO 18679 --- [           main] .b.t.c.SpringBootTestContextBootstrapper : Loaded default TestExecutionListener class names from location [META-INF/spring.factories]: [org.springframework.boot.test.mock.mockito.MockitoTestExecutionListener, org.springframework.boot.test.mock.mockito.ResetMocksTestExecutionListener, org.springframework.boot.test.autoconfigure.restdocs.RestDocsTestExecutionListener, org.springframework.boot.test.autoconfigure.web.client.MockRestServiceServerResetTestExecutionListener, org.springframework.boot.test.autoconfigure.web.servlet.MockMvcPrintOnlyOnFailureTestExecutionListener, org.springframework.boot.test.autoconfigure.web.servlet.WebDriverTestExecutionListener, org.springframework.boot.test.autoconfigure.webservices.client.MockWebServiceServerTestExecutionListener, org.springframework.test.context.web.ServletTestExecutionListener, org.springframework.test.context.support.DirtiesContextBeforeModesTestExecutionListener, org.springframework.test.context.event.ApplicationEventsTestExecutionListener, org.springframework.test.context.support.DependencyInjectionTestExecutionListener, org.springframework.test.context.support.DirtiesContextTestExecutionListener, org.springframework.test.context.transaction.TransactionalTestExecutionListener, org.springframework.test.context.jdbc.SqlScriptsTestExecutionListener, org.springframework.test.context.event.EventPublishingTestExecutionListener]
2023-11-14 21:39:30.715  INFO 18679 --- [           main] .b.t.c.SpringBootTestContextBootstrapper : Using TestExecutionListeners: [org.springframework.test.context.web.ServletTestExecutionListener@70b037ac, org.springframework.test.context.support.DirtiesContextBeforeModesTestExecutionListener@1dbe592f, org.springframework.test.context.event.ApplicationEventsTestExecutionListener@4e09c3b0, org.springframework.boot.test.mock.mockito.MockitoTestExecutionListener@64f34c91, org.springframework.boot.test.autoconfigure.SpringBootDependencyInjectionTestExecutionListener@158f0af4, org.springframework.test.context.support.DirtiesContextTestExecutionListener@7a174e4b, org.springframework.test.context.transaction.TransactionalTestExecutionListener@7a8316fa, org.springframework.test.context.jdbc.SqlScriptsTestExecutionListener@46a5aff, org.springframework.test.context.event.EventPublishingTestExecutionListener@695f382c, org.springframework.boot.test.mock.mockito.ResetMocksTestExecutionListener@29fa465a, org.springframework.boot.test.autoconfigure.restdocs.RestDocsTestExecutionListener@4b2ca159, org.springframework.boot.test.autoconfigure.web.client.MockRestServiceServerResetTestExecutionListener@1d47b761, org.springframework.boot.test.autoconfigure.web.servlet.MockMvcPrintOnlyOnFailureTestExecutionListener@d4962bd, org.springframework.boot.test.autoconfigure.web.servlet.WebDriverTestExecutionListener@76fa3dd8, org.springframework.boot.test.autoconfigure.webservices.client.MockWebServiceServerTestExecutionListener@58f27c37]
]]></system-out>
  </testcase>
</testsuite>